<?xml version="1.0" encoding="UTF-8"?>
<!-- Generated by org.testng.reporters.JUnitReportReporter -->
<testsuite hostname="LAP-0337" failures="0" tests="1" name="testNg.asserDemo" time="0.005" errors="0" timestamp="2025-09-26T12:40:54 IST" skipped="0">
  <testcase classname="testNg.asserDemo" name="test" time="0.005"/>
</testsuite> <!-- testNg.asserDemo -->
