<?xml version="1.0" encoding="UTF-8"?>
<!-- Generated by org.testng.reporters.JUnitReportReporter -->
<testsuite hostname="LAP-0337" failures="0" tests="3" name="linstener.testNgDay1" time="0.008" errors="0" timestamp="2025-09-26T19:14:12 IST" skipped="1">
  <testcase classname="linstener.testNgDay1" name="login" time="0.007"/>
  <testcase classname="linstener.testNgDay1" name="homePage" time="0.001"/>
  <testcase classname="linstener.testNgDay1" name="Logout">
    <skipped/>
  </testcase> <!-- Logout -->
</testsuite> <!-- linstener.testNgDay1 -->
