<?xml version="1.0" encoding="UTF-8"?>
<!-- Generated by org.testng.reporters.JUnitReportReporter -->
<testsuite hostname="LAP-0337" failures="0" tests="3" name="testNg.testNgDay1" time="0.011" errors="0" timestamp="2025-09-26T10:12:18 IST" skipped="0">
  <testcase classname="testNg.testNgDay1" name="login" time="0.008"/>
  <testcase classname="testNg.testNgDay1" name="homePage" time="0.002"/>
  <testcase classname="testNg.testNgDay1" name="Logout" time="0.001"/>
</testsuite> <!-- testNg.testNgDay1 -->
