<?xml version="1.0" encoding="UTF-8"?>
<!-- Generated by org.testng.reporters.JUnitReportReporter -->
<testsuite hostname="LAP-0337" failures="0" tests="1" name="createPostRequest.postReq" time="1.005" errors="0" timestamp="2025-09-28T01:31:08 IST" skipped="0">
  <testcase classname="createPostRequest.postReq" name="createReq" time="1.005"/>
</testsuite> <!-- createPostRequest.postReq -->
