<?xml version="1.0" encoding="UTF-8"?>
<!-- Generated by org.testng.reporters.JUnitReportReporter -->
<testsuite hostname="LAP-0337" failures="0" tests="1" name="restAssuredProject.BDDGetExample" time="1.112" errors="0" timestamp="2025-09-27T20:08:25 IST" skipped="0">
  <testcase classname="restAssuredProject.BDDGetExample" name="testGetPostBDD" time="1.112"/>
</testsuite> <!-- restAssuredProject.BDDGetExample -->
