<?xml version="1.0" encoding="UTF-8"?>
<!-- Generated by org.testng.reporters.JUnitReportReporter -->
<testsuite hostname="LAP-0337" failures="0" tests="1" name="restAssuredProject.GetExample" time="0.924" errors="0" timestamp="2025-09-27T20:05:01 IST" skipped="0">
  <testcase classname="restAssuredProject.GetExample" name="testGetPost" time="0.924"/>
</testsuite> <!-- restAssuredProject.GetExample -->
