<?xml version="1.0" encoding="UTF-8"?>
<!-- Generated by org.testng.reporters.JUnitReportReporter -->
<testsuite hostname="LAP-0337" failures="0" tests="1" name="restAssuredProject.posRequest" time="0.661" errors="0" timestamp="2025-09-27T23:59:40 IST" skipped="0">
  <testcase classname="restAssuredProject.posRequest" name="createReq" time="0.661"/>
</testsuite> <!-- restAssuredProject.posRequest -->
