<?xml version="1.0" encoding="UTF-8"?>
<!-- Generated by org.testng.reporters.JUnitReportReporter -->
<testsuite hostname="LAP-0337" failures="0" tests="1" name="restAssuredProject.getRequest" time="1.053" errors="0" timestamp="2025-09-27T21:30:52 IST" skipped="0">
  <testcase classname="restAssuredProject.getRequest" name="getStudentDetail" time="1.053"/>
</testsuite> <!-- restAssuredProject.getRequest -->
